<?xml version="1.0" encoding="UTF-8"?>
<testsuite name="WizardTD.SampleTest" tests="1" skipped="0" failures="0" errors="0" timestamp="2023-10-18T10:06:08" hostname="XUBUNTU" time="0.018">
  <properties/>
  <testcase name="simpleTest()" classname="WizardTD.SampleTest" time="0.018"/>
  <system-out><![CDATA[]]></system-out>
  <system-err><![CDATA[java.lang.NullPointerException
	at processing.awt.PGraphicsJava2D.imageImpl(PGraphicsJava2D.java:1574)
	at processing.core.PGraphics.image(PGraphics.java:3773)
	at processing.core.PApplet.image(PApplet.java:12611)
	at WizardTD.Entity.draw(Entity.java:29)
	at WizardTD.App.draw(App.java:624)
	at processing.core.PApplet.handleDraw(PApplet.java:2426)
	at processing.awt.PSurfaceAWT$12.callDraw(PSurfaceAWT.java:1557)
	at processing.core.PSurfaceNone$AnimationThread.run(PSurfaceNone.java:316)
]]></system-err>
</testsuite>
