<?xml version="1.0" encoding="UTF-8"?>
<testsuite name="WizardTD.SampleTest" tests="3" skipped="0" failures="0" errors="0" timestamp="2023-10-22T05:04:16" hostname="XUBUNTU" time="13.265">
  <properties/>
  <testcase name="testGame()" classname="WizardTD.SampleTest" time="12.794"/>
  <testcase name="testKeyPressed()" classname="WizardTD.SampleTest" time="0.245"/>
  <testcase name="testTowerCostToolTip()" classname="WizardTD.SampleTest" time="0.169"/>
  <system-out><![CDATA[]]></system-out>
  <system-err><![CDATA[java.lang.NullPointerException
	at sun.java2d.pipe.GlyphListLoopPipe.drawGlyphList(GlyphListLoopPipe.java:50)
	at sun.java2d.pipe.GlyphListPipe.drawGlyphVector(GlyphListPipe.java:137)
	at sun.java2d.SunGraphics2D.drawGlyphVector(SunGraphics2D.java:3008)
	at sun.font.ExtendedTextSourceLabel.handleDraw(ExtendedTextSourceLabel.java:193)
	at sun.font.Decoration.drawTextAndDecorations(Decoration.java:122)
	at sun.font.ExtendedTextSourceLabel.draw(ExtendedTextSourceLabel.java:197)
	at java.awt.font.TextLine.draw(TextLine.java:776)
	at java.awt.font.TextLayout.draw(TextLayout.java:2647)
	at sun.java2d.SunGraphics2D.drawChars(SunGraphics2D.java:3037)
	at processing.awt.PGraphicsJava2D.textLineImpl(PGraphicsJava2D.java:2061)
	at processing.core.PGraphics.textLineAlignImpl(PGraphics.java:4981)
	at processing.core.PGraphics.text(PGraphics.java:4654)
	at processing.core.PGraphics.text(PGraphics.java:4605)
	at processing.core.PApplet.text(PApplet.java:13031)
	at WizardTD.App.draw(App.java:785)
	at processing.core.PApplet.handleDraw(PApplet.java:2426)
	at processing.awt.PSurfaceAWT$12.callDraw(PSurfaceAWT.java:1557)
	at processing.core.PSurfaceNone$AnimationThread.run(PSurfaceNone.java:316)
]]></system-err>
</testsuite>
